#
# A fatal error has been detected by the Java Runtime Environment:
#
#  EXCEPTION_ACCESS_VIOLATION (0xc0000005) at pc=0x000000006139226b, pid=8620, tid=8680
#
# JRE version: Java(TM) SE Runtime Environment (7.0_40-b43) (build 1.7.0_40-b43)
# Java VM: Java HotSpot(TM) 64-Bit Server VM (24.0-b56 mixed mode windows-amd64 compressed oops)
# Problematic frame:
# V  [jvm.dll+0x14226b]
#
# Failed to write core dump. Minidumps are not enabled by default on client versions of Windows
#
# If you would like to submit a bug report, please visit:
#   http://bugreport.sun.com/bugreport/crash.jsp
#

---------------  T H R E A D  ---------------

Current thread (0x000000000ac7a800):  JavaThread "JDWP Transport Listener: dt_socket" daemon [_thread_in_vm, id=8680, stack(0x000000000d4c0000,0x000000000d5c0000)]

siginfo: ExceptionCode=0xc0000005, reading address 0xffffffffffffffff

Registers:
RAX=0x000000000d5bf601, RBX=0x000000000ac7a800, RCX=0x6d726f00003b6c70, RDX=0x0000000000000000
RSP=0x000000000d5bf5e0, RBP=0x6d726f00003b6c70, RSI=0x000000000d5bf6f8, RDI=0x0000000002538ff0
R8 =0x000000000ac7a800, R9 =0x3eb8006a000a0035, R10=0x0000000000000000, R11=0x000000000df90e38
R12=0x0000000000000000, R13=0x000000000ac6e848, R14=0x0000000000000000, R15=0x0000000000000000
RIP=0x000000006139226b, EFLAGS=0x0000000000010202

Top of Stack: (sp=0x000000000d5bf5e0)
0x000000000d5bf5e0:   000000000ac7a800 0000000000000007
0x000000000d5bf5f0:   000000000d5bf6a8 0000000061530f29
0x000000000d5bf600:   000000000ac7a800 000000006154ead2
0x000000000d5bf610:   0000000000000000 0000000062528e89
0x000000000d5bf620:   000000000ac8b888 000000006253265a
0x000000000d5bf630:   000000000ac7a800 0000000000000000
0x000000000d5bf640:   0000000000000000 0000000000000000
0x000000000d5bf650:   6d726f00003b6c70 0000000062531751
0x000000000d5bf660:   000000000d5bf6f8 000000000d5bf6d0
0x000000000d5bf670:   0000000000000001 000000000ac8b888
0x000000000d5bf680:   6d726f00003b6c70 00000000625153b3
0x000000000d5bf690:   000000000d5bf7c0 0000000000000001
0x000000000d5bf6a0:   0000000000000001 000000000ac8b888
0x000000000d5bf6b0:   0000000000000009 0000000000000000
0x000000000d5bf6c0:   0000000000000000 0000000000000000
0x000000000d5bf6d0:   0000000000000001 0000000062515571 

Instructions: (pc=0x000000006139226b)
0x000000006139224b:   48 8b 5c 24 30 48 89 47 18 48 83 c4 20 5f c3 cc
0x000000006139225b:   cc cc cc cc cc 40 53 48 83 ec 20 48 85 c9 74 54
0x000000006139226b:   48 8b 19 48 85 db 74 4c 48 b8 fe fe fe fe fe fe
0x000000006139227b:   fe fe 48 3b d8 74 3d 80 3d af 89 60 00 00 74 15 


Register to memory mapping:

RAX=0x000000000d5bf601 is pointing into the stack for thread: 0x000000000ac7a800
RBX=0x000000000ac7a800 is a thread
RCX=0x6d726f00003b6c70 is an unknown value
RDX=0x0000000000000000 is an unknown value
RSP=0x000000000d5bf5e0 is pointing into the stack for thread: 0x000000000ac7a800
RBP=0x6d726f00003b6c70 is an unknown value
RSI=0x000000000d5bf6f8 is pointing into the stack for thread: 0x000000000ac7a800
RDI=0x0000000002538ff0 is an unknown value
R8 =0x000000000ac7a800 is a thread
R9 =0x3eb8006a000a0035 is an unknown value
R10=0x0000000000000000 is an unknown value
R11=0x000000000df90e38 is an unknown value
R12=0x0000000000000000 is an unknown value
R13=0x000000000ac6e848 is an unknown value
R14=0x0000000000000000 is an unknown value
R15=0x0000000000000000 is an unknown value


Stack: [0x000000000d4c0000,0x000000000d5c0000],  sp=0x000000000d5bf5e0,  free space=1021k
Native frames: (J=compiled Java code, j=interpreted, Vv=VM code, C=native code)
V  [jvm.dll+0x14226b]

[error occurred during error reporting (printing native stack), id 0xc0000005]


---------------  P R O C E S S  ---------------

Java Threads: ( => current thread )
  0x000000000df4d000 JavaThread "Service Thread" daemon [_thread_blocked, id=5224, stack(0x000000000e890000,0x000000000e990000)]
  0x000000000ac8f800 JavaThread "C2 CompilerThread1" daemon [_thread_blocked, id=8204, stack(0x000000000e790000,0x000000000e890000)]
  0x000000000ac8d800 JavaThread "C2 CompilerThread0" daemon [_thread_blocked, id=4512, stack(0x000000000e640000,0x000000000e740000)]
  0x000000000df49800 JavaThread "JDWP Command Reader" daemon [_thread_in_native, id=7600, stack(0x000000000e3b0000,0x000000000e4b0000)]
  0x000000000ac86000 JavaThread "JDWP Event Helper Thread" daemon [_thread_blocked, id=8644, stack(0x000000000de40000,0x000000000df40000)]
=>0x000000000ac7a800 JavaThread "JDWP Transport Listener: dt_socket" daemon [_thread_in_vm, id=8680, stack(0x000000000d4c0000,0x000000000d5c0000)]
  0x000000000ac74000 JavaThread "Attach Listener" daemon [_thread_blocked, id=5532, stack(0x000000000c150000,0x000000000c250000)]
  0x000000000ac6d000 JavaThread "Signal Dispatcher" daemon [_thread_blocked, id=7292, stack(0x000000000c010000,0x000000000c110000)]
  0x000000000ac1a800 JavaThread "Finalizer" daemon [_thread_blocked, id=7480, stack(0x000000000bd40000,0x000000000be40000)]
  0x000000000ac13800 JavaThread "Reference Handler" daemon [_thread_blocked, id=9152, stack(0x000000000beb0000,0x000000000bfb0000)]
  0x000000000253f000 JavaThread "main" [_thread_blocked, id=3044, stack(0x0000000002550000,0x0000000002650000)]

Other Threads:
  0x000000000ac07000 VMThread [stack: 0x000000000bc10000,0x000000000bd10000] [id=5492]
  0x000000000df67000 WatcherThread [stack: 0x000000000e540000,0x000000000e640000] [id=6944]

VM state:not at safepoint (normal execution)

VM Mutex/Monitor currently owned by a thread: None

Heap
 PSYoungGen      total 38912K, used 4247K [0x00000007d5680000, 0x00000007d8180000, 0x0000000800000000)
  eden space 33792K, 12% used [0x00000007d5680000,0x00000007d5aa5f08,0x00000007d7780000)
  from space 5120K, 0% used [0x00000007d7c80000,0x00000007d7c80000,0x00000007d8180000)
  to   space 5120K, 0% used [0x00000007d7780000,0x00000007d7780000,0x00000007d7c80000)
 ParOldGen       total 87040K, used 0K [0x0000000780400000, 0x0000000785900000, 0x00000007d5680000)
  object space 87040K, 0% used [0x0000000780400000,0x0000000780400000,0x0000000785900000)
 PSPermGen       total 21504K, used 4087K [0x000000077b200000, 0x000000077c700000, 0x0000000780400000)
  object space 21504K, 19% used [0x000000077b200000,0x000000077b5fde48,0x000000077c700000)

Card table byte_map: [0x00000000056d0000,0x0000000005b00000] byte_map_base: 0x0000000001af7000

Polling page: 0x0000000000130000

Code Cache  [0x00000000026d0000, 0x0000000002940000, 0x00000000056d0000)
 total_blobs=293 nmethods=18 adapters=236 free_code_cache=48698Kb largest_free_block=49850368

Compilation events (10 events):
Event: 0.545 Thread 0x000000000ac8d800 nmethod 14 0x0000000002741b90 code [0x0000000002741cc0, 0x0000000002741d58]
Event: 0.545 Thread 0x000000000ac8d800   15             java.nio.Buffer::nextGetIndex (31 bytes)
Event: 0.546 Thread 0x000000000ac8d800 nmethod 15 0x0000000002741e10 code [0x0000000002741f40, 0x0000000002741fb8]
Event: 0.546 Thread 0x000000000ac8d800   16             java.nio.StringCharBuffer::get (19 bytes)
Event: 0.547 Thread 0x000000000ac8d800 nmethod 16 0x000000000273f590 code [0x000000000273f6e0, 0x000000000273f938]
Event: 0.547 Thread 0x000000000ac8d800   17             org.lwjgl.MemoryUtil$CharSequenceNT::charAt (28 bytes)
Event: 0.548 Thread 0x000000000ac8d800 nmethod 17 0x000000000273f150 code [0x000000000273f2a0, 0x000000000273f418]
Event: 0.552 Thread 0x000000000ac8f800 nmethod 12 0x0000000002742750 code [0x0000000002742920, 0x0000000002743080]
Event: 0.559 Thread 0x000000000ac8d800   18             java.lang.String::equals (81 bytes)
Event: 0.562 Thread 0x000000000ac8d800 nmethod 18 0x0000000002742150 code [0x00000000027422a0, 0x0000000002742598]

GC Heap History (0 events):
No events

Deoptimization events (0 events):
No events

Internal exceptions (10 events):
Event: 0.508 Thread 0x000000000253f000 Threw 0x00000007d5967a00 at C:\jdk7u2_64p\jdk7u40\hotspot\src\share\vm\prims\jvm.cpp:1244
Event: 0.514 Thread 0x000000000253f000 Threw 0x00000007d59a01e0 at C:\jdk7u2_64p\jdk7u40\hotspot\src\share\vm\prims\jvm.cpp:1244
Event: 0.515 Thread 0x000000000253f000 Threw 0x00000007d59a7ab0 at C:\jdk7u2_64p\jdk7u40\hotspot\src\share\vm\prims\jvm.cpp:1244
Event: 0.520 Thread 0x000000000253f000 Threw 0x00000007d59d4658 at C:\jdk7u2_64p\jdk7u40\hotspot\src\share\vm\prims\jvm.cpp:1244
Event: 0.580 Thread 0x000000000253f000 Threw 0x00000007d5a74720 at C:\jdk7u2_64p\jdk7u40\hotspot\src\share\vm\prims\jvm.cpp:1244
Event: 0.596 Thread 0x000000000253f000 Threw 0x00000007d5a77f10 at C:\jdk7u2_64p\jdk7u40\hotspot\src\share\vm\prims\jvm.cpp:1244
Event: 0.597 Thread 0x000000000253f000 Threw 0x00000007d5a7d848 at C:\jdk7u2_64p\jdk7u40\hotspot\src\share\vm\prims\jvm.cpp:1244
Event: 0.598 Thread 0x000000000253f000 Threw 0x00000007d5a80748 at C:\jdk7u2_64p\jdk7u40\hotspot\src\share\vm\prims\jvm.cpp:1244
Event: 0.598 Thread 0x000000000253f000 Threw 0x00000007d5a81c48 at C:\jdk7u2_64p\jdk7u40\hotspot\src\share\vm\prims\jvm.cpp:1244
Event: 0.601 Thread 0x000000000253f000 Threw 0x00000007d5a96a28 at C:\jdk7u2_64p\jdk7u40\hotspot\src\share\vm\prims\jvm.cpp:1244

Events (10 events):
Event: 67.738 Executing VM operation: EnterInterpOnlyMode
Event: 67.738 Executing VM operation: EnterInterpOnlyMode done
Event: 67.738 Executing VM operation: GetCurrentLocation
Event: 67.738 Executing VM operation: GetCurrentLocation done
Event: 67.738 Executing VM operation: ChangeSingleStep
Event: 67.738 Executing VM operation: ChangeSingleStep done
Event: 67.738 Executing VM operation: ChangeSingleStep
Event: 67.738 Executing VM operation: ChangeSingleStep done
Event: 490.176 Executing VM operation: RedefineClasses
Event: 490.177 Executing VM operation: RedefineClasses done


Dynamic libraries:
0x000000013f7e0000 - 0x000000013f813000 	C:\Program Files\Java\jre7\bin\javaw.exe
0x0000000076fc0000 - 0x0000000077169000 	C:\Windows\SYSTEM32\ntdll.dll
0x0000000076ea0000 - 0x0000000076fbf000 	C:\Windows\system32\kernel32.dll
0x000007fefd080000 - 0x000007fefd0eb000 	C:\Windows\system32\KERNELBASE.dll
0x000007feff0f0000 - 0x000007feff1cb000 	C:\Windows\system32\ADVAPI32.dll
0x000007fefece0000 - 0x000007fefed7f000 	C:\Windows\system32\msvcrt.dll
0x000007fefd1b0000 - 0x000007fefd1cf000 	C:\Windows\SYSTEM32\sechost.dll
0x000007fefe5f0000 - 0x000007fefe71d000 	C:\Windows\system32\RPCRT4.dll
0x0000000076da0000 - 0x0000000076e9a000 	C:\Windows\system32\USER32.dll
0x000007feff260000 - 0x000007feff2c7000 	C:\Windows\system32\GDI32.dll
0x000007feff040000 - 0x000007feff04e000 	C:\Windows\system32\LPK.dll
0x000007fefe720000 - 0x000007fefe7e9000 	C:\Windows\system32\USP10.dll
0x000007fefb4c0000 - 0x000007fefb6b4000 	C:\Windows\WinSxS\amd64_microsoft.windows.common-controls_6595b64144ccf1df_6.0.7601.17514_none_fa396087175ac9ac\COMCTL32.dll
0x000007feff1e0000 - 0x000007feff251000 	C:\Windows\system32\SHLWAPI.dll
0x000007fefd560000 - 0x000007fefd58e000 	C:\Windows\system32\IMM32.DLL
0x000007fefeab0000 - 0x000007fefebb9000 	C:\Windows\system32\MSCTF.dll
0x0000000062550000 - 0x0000000062621000 	C:\Program Files\Java\jre7\bin\msvcr100.dll
0x0000000061250000 - 0x0000000061a19000 	C:\Program Files\Java\jre7\bin\server\jvm.dll
0x000007fefab50000 - 0x000007fefab59000 	C:\Windows\system32\WSOCK32.dll
0x000007fefed80000 - 0x000007fefedcd000 	C:\Windows\system32\WS2_32.dll
0x000007feff1d0000 - 0x000007feff1d8000 	C:\Windows\system32\NSI.dll
0x000007fefa4f0000 - 0x000007fefa52b000 	C:\Windows\system32\WINMM.dll
0x0000000077190000 - 0x0000000077197000 	C:\Windows\system32\PSAPI.DLL
0x00000000715a0000 - 0x00000000715af000 	C:\Program Files\Java\jre7\bin\verify.dll
0x0000000067740000 - 0x0000000067768000 	C:\Program Files\Java\jre7\bin\java.dll
0x0000000062510000 - 0x0000000062545000 	C:\Program Files\Java\jre7\bin\jdwp.dll
0x00000000665a0000 - 0x00000000665a8000 	C:\Program Files\Java\jre7\bin\npt.dll
0x00000000673e0000 - 0x00000000673f5000 	C:\Program Files\Java\jre7\bin\zip.dll
0x0000000072990000 - 0x0000000072999000 	C:\Program Files\Java\jre7\bin\dt_socket.dll
0x000007fef96b0000 - 0x000007fef96c5000 	C:\Windows\system32\NLAapi.dll
0x000007fef3bf0000 - 0x000007fef3c05000 	C:\Windows\system32\napinsp.dll
0x000007fef3bc0000 - 0x000007fef3bd9000 	C:\Windows\system32\pnrpnsp.dll
0x000007fefc5e0000 - 0x000007fefc635000 	C:\Windows\System32\mswsock.dll
0x000007fefc470000 - 0x000007fefc4cb000 	C:\Windows\system32\DNSAPI.dll
0x000007fef3bb0000 - 0x000007fef3bbb000 	C:\Windows\System32\winrnr.dll
0x000007fef7860000 - 0x000007fef788e000 	C:\Program Files\Common Files\Microsoft Shared\Windows Live\WLIDNSP.DLL
0x0000000072e00000 - 0x0000000072e26000 	C:\Program Files\Bonjour\mdnsNSP.dll
0x000007fefbed0000 - 0x000007fefbef7000 	C:\Windows\system32\Iphlpapi.DLL
0x000007fefbec0000 - 0x000007fefbecb000 	C:\Windows\system32\WINNSI.DLL
0x000007fef9390000 - 0x000007fef93e3000 	C:\Windows\System32\fwpuclnt.dll
0x000007fef8420000 - 0x000007fef8428000 	C:\Windows\system32\rasadhlp.dll
0x000007fefbf00000 - 0x000007fefbf62000 	C:\Windows\system32\nuragoLSPService64.DLL
0x000007fefee30000 - 0x000007feff033000 	C:\Windows\system32\ole32.dll
0x000007fefe7f0000 - 0x000007fefe8c7000 	C:\Windows\system32\OLEAUT32.dll
0x000007fefbeb0000 - 0x000007fefbebc000 	C:\Windows\system32\VERSION.dll
0x000007fefcce0000 - 0x000007fefcd05000 	C:\Windows\system32\SspiCli.dll
0x000007fefbe90000 - 0x000007fefbe97000 	C:\Windows\System32\wshtcpip.dll
0x000007fefcd70000 - 0x000007fefcd7f000 	C:\Windows\system32\CRYPTBASE.dll
0x000007fefb2e0000 - 0x000007fefb336000 	C:\Windows\system32\uxtheme.dll
0x000007fefec40000 - 0x000007fefecd9000 	C:\Windows\system32\CLBCatQ.DLL
0x000007fefc640000 - 0x000007fefc657000 	C:\Windows\system32\CRYPTSP.dll
0x000007fefc350000 - 0x000007fefc397000 	C:\Windows\system32\rsaenh.dll
0x000007fefcb50000 - 0x000007fefcb64000 	C:\Windows\system32\RpcRtRemote.dll
0x0000000180000000 - 0x0000000180051000 	C:\Users\Freddie\Desktop\Programming\java\lwjgl-2.9.1\native\windows\lwjgl64.dll
0x000007fef45f0000 - 0x000007fef470d000 	C:\Windows\system32\OPENGL32.dll
0x000007fef5530000 - 0x000007fef555d000 	C:\Windows\system32\GLU32.dll
0x000007fef44f0000 - 0x000007fef45e1000 	C:\Windows\system32\DDRAW.dll
0x000007fef5520000 - 0x000007fef5528000 	C:\Windows\system32\DCIMAN32.dll
0x000007fefe8d0000 - 0x000007fefeaa7000 	C:\Windows\system32\SETUPAPI.dll
0x000007fefd150000 - 0x000007fefd186000 	C:\Windows\system32\CFGMGR32.dll
0x000007fefd110000 - 0x000007fefd12a000 	C:\Windows\system32\DEVOBJ.dll
0x000007fefba60000 - 0x000007fefba78000 	C:\Windows\system32\dwmapi.dll
0x000007fef99c0000 - 0x000007fef99c9000 	C:\Windows\system32\atig6pxx.dll
0x000000005a580000 - 0x000000005bd1a000 	C:\Windows\system32\atio6axx.dll
0x000007fee4c10000 - 0x000007fee4cba000 	C:\Windows\system32\atiadlxx.dll
0x000007fefd860000 - 0x000007fefe5e8000 	C:\Windows\system32\SHELL32.dll
0x000007fefb340000 - 0x000007fefb46c000 	C:\Windows\system32\PROPSYS.dll
0x000007fefc080000 - 0x000007fefc09e000 	C:\Windows\system32\USERENV.dll
0x000007fefcd80000 - 0x000007fefcd8f000 	C:\Windows\system32\profapi.dll
0x000007fefbc20000 - 0x000007fefbc31000 	C:\Windows\system32\WTSAPI32.dll
0x000007fefd040000 - 0x000007fefd07a000 	C:\Windows\system32\WINTRUST.dll
0x000007fefce30000 - 0x000007fefcf9c000 	C:\Windows\system32\CRYPT32.dll
0x000007fefce20000 - 0x000007fefce2f000 	C:\Windows\system32\MSASN1.dll
0x000007fef5ec0000 - 0x000007fef5fdc000 	C:\Windows\system32\aticfx64.dll
0x000007fef99a0000 - 0x000007fef99af000 	C:\Windows\system32\atig6txx.dll
0x000007fee4b70000 - 0x000007fee4c0c000 	C:\Windows\system32\mscms.dll
0x000007fee84e0000 - 0x000007fee8522000 	C:\Windows\system32\icm32.dll
0x000007fee8b20000 - 0x000007fee8c45000 	C:\Windows\system32\dbghelp.dll

VM Arguments:
jvm_args: -agentlib:jdwp=transport=dt_socket,suspend=y,address=localhost:51413 -Djava.library.path=C:\Users\Freddie\Desktop\Programming\java\lwjgl-2.9.1\native\windows -Dfile.encoding=Cp1252 
java_command: Reign
Launcher Type: SUN_STANDARD

Environment Variables:
PATH=C:\Perl64\site\bin;C:\Perl64\bin;C:\Program Files\British Telecom\British Telecom 802.11 Network Adapter\Driver;C:\Program Files (x86)\AMD APP\bin\x86_64;C:\Program Files (x86)\AMD APP\bin\x86;C:\Program Files\Common Files\Microsoft Shared\Windows Live;C:\Program Files (x86)\Common Files\Microsoft Shared\Windows Live;C:\Windows\system32;C:\Windows;C:\Windows\System32\Wbem;C:\Windows\System32\WindowsPowerShell\v1.0\;C:\Program Files (x86)\ATI Technologies\ATI.ACE\Core-Static;C:\Program Files (x86)\Windows Live\Shared;c:\Program Files (x86)\Microsoft SQL Server\100\Tools\Binn\;c:\Program Files\Microsoft SQL Server\100\Tools\Binn\;c:\Program Files\Microsoft SQL Server\100\DTS\Binn\;C:\Program Files (x86)\jZip;C:\VXIPNP\WinNT\Bin;C:\Program Files (x86)\leJOS NXJ\bin;C:\Python27;C:\Program Files\Microsoft SQL Server\110\Tools\Binn\;C:\Program Files\TortoiseGit\bin
USERNAME=Freddie
OS=Windows_NT
PROCESSOR_IDENTIFIER=Intel64 Family 6 Model 42 Stepping 7, GenuineIntel



---------------  S Y S T E M  ---------------

OS: Windows 7 , 64 bit Build 7601 Service Pack 1

CPU:total 4 (4 cores per cpu, 1 threads per core) family 6 model 42 stepping 7, cmov, cx8, fxsr, mmx, sse, sse2, sse3, ssse3, sse4.1, sse4.2, popcnt, avx, tsc, tscinvbit

Memory: 4k page, physical 8370092k(3584500k free), swap 16738320k(9730484k free)

vm_info: Java HotSpot(TM) 64-Bit Server VM (24.0-b56) for windows-amd64 JRE (1.7.0_40-b43), built on Aug 26 2013 22:38:32 by "java_re" with unknown MS VC++:1600

time: Thu Apr 17 11:37:23 2014
elapsed time: 490 seconds

